Feb 28, 2015 8:51:56 AM client.main.Catan d
INFO: Catan Client started at 2015-02-28_08-51-56.
Feb 28, 2015 8:53:32 AM hl d
FINE: Player Sam ended turn.
Feb 28, 2015 8:53:34 AM hl d
FINE: Player Sam ended turn.
Feb 28, 2015 8:53:37 AM hl d
FINE: Player Sam ended turn.
Feb 28, 2015 8:53:41 AM hl d
FINE: Player Sam ended turn.
Feb 28, 2015 8:53:44 AM hl d
FINE: Player Sam ended turn.
Feb 28, 2015 8:54:38 AM hl d
FINE: Player Sam ended turn.
Feb 28, 2015 8:54:41 AM hl d
FINE: Player Sam ended turn.
Feb 28, 2015 8:54:43 AM hl d
FINE: Player Sam ended turn.
Feb 28, 2015 8:54:46 AM hl d
FINE: Player Sam ended turn.
Feb 28, 2015 8:54:48 AM hl d
FINE: Player Sam ended turn.
Feb 28, 2015 8:54:55 AM hl d
FINE: Player Sam ended turn.
Feb 28, 2015 8:54:58 AM hl d
FINE: Player Sam ended turn.
Feb 28, 2015 8:55:05 AM hl d
FINE: Player Sam ended turn.
Feb 28, 2015 8:55:44 AM hl d
FINE: Player Sam ended turn.
Feb 28, 2015 10:29:30 AM hl d
FINE: Player Sam ended turn.
Feb 28, 2015 12:57:30 PM hl d
FINE: Player Sam ended turn.
Feb 28, 2015 12:57:39 PM hl d
FINE: Player Sam ended turn.
